ARM GAS  C:\Users\enric\AppData\Local\Temp\ccdnLmfi.s 			page 1


   1              		.cpu cortex-m4
   2              		.arch armv7e-m
   3              		.fpu fpv4-sp-d16
   4              		.eabi_attribute 27, 1
   5              		.eabi_attribute 28, 1
   6              		.eabi_attribute 20, 1
   7              		.eabi_attribute 21, 1
   8              		.eabi_attribute 23, 3
   9              		.eabi_attribute 24, 1
  10              		.eabi_attribute 25, 1
  11              		.eabi_attribute 26, 1
  12              		.eabi_attribute 30, 1
  13              		.eabi_attribute 34, 1
  14              		.eabi_attribute 18, 4
  15              		.file	"tim.c"
  16              		.text
  17              	.Ltext0:
  18              		.cfi_sections	.debug_frame
  19              		.file 1 "Core/Src/tim.c"
  20              		.section	.text.MX_TIM2_Init,"ax",%progbits
  21              		.align	1
  22              		.global	MX_TIM2_Init
  23              		.syntax unified
  24              		.thumb
  25              		.thumb_func
  27              	MX_TIM2_Init:
  28              	.LFB329:
   1:Core/Src/tim.c **** /* USER CODE BEGIN Header */
   2:Core/Src/tim.c **** /**
   3:Core/Src/tim.c ****   ******************************************************************************
   4:Core/Src/tim.c ****   * @file    tim.c
   5:Core/Src/tim.c ****   * @brief   This file provides code for the configuration
   6:Core/Src/tim.c ****   *          of the TIM instances.
   7:Core/Src/tim.c ****   ******************************************************************************
   8:Core/Src/tim.c ****   * @attention
   9:Core/Src/tim.c ****   *
  10:Core/Src/tim.c ****   * Copyright (c) 2023 STMicroelectronics.
  11:Core/Src/tim.c ****   * All rights reserved.
  12:Core/Src/tim.c ****   *
  13:Core/Src/tim.c ****   * This software is licensed under terms that can be found in the LICENSE file
  14:Core/Src/tim.c ****   * in the root directory of this software component.
  15:Core/Src/tim.c ****   * If no LICENSE file comes with this software, it is provided AS-IS.
  16:Core/Src/tim.c ****   *
  17:Core/Src/tim.c ****   ******************************************************************************
  18:Core/Src/tim.c ****   */
  19:Core/Src/tim.c **** /* USER CODE END Header */
  20:Core/Src/tim.c **** /* Includes ------------------------------------------------------------------*/
  21:Core/Src/tim.c **** #include "tim.h"
  22:Core/Src/tim.c **** 
  23:Core/Src/tim.c **** /* USER CODE BEGIN 0 */
  24:Core/Src/tim.c **** 
  25:Core/Src/tim.c **** /* USER CODE END 0 */
  26:Core/Src/tim.c **** 
  27:Core/Src/tim.c **** TIM_HandleTypeDef htim2;
  28:Core/Src/tim.c **** 
  29:Core/Src/tim.c **** /* TIM2 init function */
  30:Core/Src/tim.c **** void MX_TIM2_Init(void)
ARM GAS  C:\Users\enric\AppData\Local\Temp\ccdnLmfi.s 			page 2


  31:Core/Src/tim.c **** {
  29              		.loc 1 31 1 view -0
  30              		.cfi_startproc
  31              		@ args = 0, pretend = 0, frame = 32
  32              		@ frame_needed = 0, uses_anonymous_args = 0
  33 0000 00B5     		push	{lr}
  34              		.cfi_def_cfa_offset 4
  35              		.cfi_offset 14, -4
  36 0002 89B0     		sub	sp, sp, #36
  37              		.cfi_def_cfa_offset 40
  32:Core/Src/tim.c **** 
  33:Core/Src/tim.c ****   /* USER CODE BEGIN TIM2_Init 0 */
  34:Core/Src/tim.c **** 
  35:Core/Src/tim.c ****   /* USER CODE END TIM2_Init 0 */
  36:Core/Src/tim.c **** 
  37:Core/Src/tim.c ****   TIM_ClockConfigTypeDef sClockSourceConfig = {0};
  38              		.loc 1 37 3 view .LVU1
  39              		.loc 1 37 26 is_stmt 0 view .LVU2
  40 0004 0023     		movs	r3, #0
  41 0006 0493     		str	r3, [sp, #16]
  42 0008 0593     		str	r3, [sp, #20]
  43 000a 0693     		str	r3, [sp, #24]
  44 000c 0793     		str	r3, [sp, #28]
  38:Core/Src/tim.c ****   TIM_MasterConfigTypeDef sMasterConfig = {0};
  45              		.loc 1 38 3 is_stmt 1 view .LVU3
  46              		.loc 1 38 27 is_stmt 0 view .LVU4
  47 000e 0193     		str	r3, [sp, #4]
  48 0010 0293     		str	r3, [sp, #8]
  49 0012 0393     		str	r3, [sp, #12]
  39:Core/Src/tim.c **** 
  40:Core/Src/tim.c ****   /* USER CODE BEGIN TIM2_Init 1 */
  41:Core/Src/tim.c **** 
  42:Core/Src/tim.c ****   /* USER CODE END TIM2_Init 1 */
  43:Core/Src/tim.c ****   htim2.Instance = TIM2;
  50              		.loc 1 43 3 is_stmt 1 view .LVU5
  51              		.loc 1 43 18 is_stmt 0 view .LVU6
  52 0014 1448     		ldr	r0, .L9
  53 0016 4FF08042 		mov	r2, #1073741824
  54 001a 0260     		str	r2, [r0]
  44:Core/Src/tim.c ****   htim2.Init.Prescaler = 170 - 1;
  55              		.loc 1 44 3 is_stmt 1 view .LVU7
  56              		.loc 1 44 24 is_stmt 0 view .LVU8
  57 001c A922     		movs	r2, #169
  58 001e 4260     		str	r2, [r0, #4]
  45:Core/Src/tim.c ****   htim2.Init.CounterMode = TIM_COUNTERMODE_UP;
  59              		.loc 1 45 3 is_stmt 1 view .LVU9
  60              		.loc 1 45 26 is_stmt 0 view .LVU10
  61 0020 8360     		str	r3, [r0, #8]
  46:Core/Src/tim.c ****   htim2.Init.Period = 200000;
  62              		.loc 1 46 3 is_stmt 1 view .LVU11
  63              		.loc 1 46 21 is_stmt 0 view .LVU12
  64 0022 124A     		ldr	r2, .L9+4
  65 0024 C260     		str	r2, [r0, #12]
  47:Core/Src/tim.c ****   htim2.Init.ClockDivision = TIM_CLOCKDIVISION_DIV1;
  66              		.loc 1 47 3 is_stmt 1 view .LVU13
  67              		.loc 1 47 28 is_stmt 0 view .LVU14
  68 0026 0361     		str	r3, [r0, #16]
ARM GAS  C:\Users\enric\AppData\Local\Temp\ccdnLmfi.s 			page 3


  48:Core/Src/tim.c ****   htim2.Init.AutoReloadPreload = TIM_AUTORELOAD_PRELOAD_DISABLE;
  69              		.loc 1 48 3 is_stmt 1 view .LVU15
  70              		.loc 1 48 32 is_stmt 0 view .LVU16
  71 0028 8361     		str	r3, [r0, #24]
  49:Core/Src/tim.c ****   if (HAL_TIM_Base_Init(&htim2) != HAL_OK)
  72              		.loc 1 49 3 is_stmt 1 view .LVU17
  73              		.loc 1 49 7 is_stmt 0 view .LVU18
  74 002a FFF7FEFF 		bl	HAL_TIM_Base_Init
  75              	.LVL0:
  76              		.loc 1 49 6 view .LVU19
  77 002e 90B9     		cbnz	r0, .L6
  78              	.L2:
  50:Core/Src/tim.c ****   {
  51:Core/Src/tim.c ****     Error_Handler();
  52:Core/Src/tim.c ****   }
  53:Core/Src/tim.c ****   sClockSourceConfig.ClockSource = TIM_CLOCKSOURCE_INTERNAL;
  79              		.loc 1 53 3 is_stmt 1 view .LVU20
  80              		.loc 1 53 34 is_stmt 0 view .LVU21
  81 0030 4FF48053 		mov	r3, #4096
  82 0034 0493     		str	r3, [sp, #16]
  54:Core/Src/tim.c ****   if (HAL_TIM_ConfigClockSource(&htim2, &sClockSourceConfig) != HAL_OK)
  83              		.loc 1 54 3 is_stmt 1 view .LVU22
  84              		.loc 1 54 7 is_stmt 0 view .LVU23
  85 0036 04A9     		add	r1, sp, #16
  86 0038 0B48     		ldr	r0, .L9
  87 003a FFF7FEFF 		bl	HAL_TIM_ConfigClockSource
  88              	.LVL1:
  89              		.loc 1 54 6 view .LVU24
  90 003e 68B9     		cbnz	r0, .L7
  91              	.L3:
  55:Core/Src/tim.c ****   {
  56:Core/Src/tim.c ****     Error_Handler();
  57:Core/Src/tim.c ****   }
  58:Core/Src/tim.c ****   sMasterConfig.MasterOutputTrigger = TIM_TRGO_RESET;
  92              		.loc 1 58 3 is_stmt 1 view .LVU25
  93              		.loc 1 58 37 is_stmt 0 view .LVU26
  94 0040 0023     		movs	r3, #0
  95 0042 0193     		str	r3, [sp, #4]
  59:Core/Src/tim.c ****   sMasterConfig.MasterSlaveMode = TIM_MASTERSLAVEMODE_DISABLE;
  96              		.loc 1 59 3 is_stmt 1 view .LVU27
  97              		.loc 1 59 33 is_stmt 0 view .LVU28
  98 0044 0393     		str	r3, [sp, #12]
  60:Core/Src/tim.c ****   if (HAL_TIMEx_MasterConfigSynchronization(&htim2, &sMasterConfig) != HAL_OK)
  99              		.loc 1 60 3 is_stmt 1 view .LVU29
 100              		.loc 1 60 7 is_stmt 0 view .LVU30
 101 0046 01A9     		add	r1, sp, #4
 102 0048 0748     		ldr	r0, .L9
 103 004a FFF7FEFF 		bl	HAL_TIMEx_MasterConfigSynchronization
 104              	.LVL2:
 105              		.loc 1 60 6 view .LVU31
 106 004e 40B9     		cbnz	r0, .L8
 107              	.L1:
  61:Core/Src/tim.c ****   {
  62:Core/Src/tim.c ****     Error_Handler();
  63:Core/Src/tim.c ****   }
  64:Core/Src/tim.c ****   /* USER CODE BEGIN TIM2_Init 2 */
  65:Core/Src/tim.c **** 
ARM GAS  C:\Users\enric\AppData\Local\Temp\ccdnLmfi.s 			page 4


  66:Core/Src/tim.c ****   /* USER CODE END TIM2_Init 2 */
  67:Core/Src/tim.c **** 
  68:Core/Src/tim.c **** }
 108              		.loc 1 68 1 view .LVU32
 109 0050 09B0     		add	sp, sp, #36
 110              		.cfi_remember_state
 111              		.cfi_def_cfa_offset 4
 112              		@ sp needed
 113 0052 5DF804FB 		ldr	pc, [sp], #4
 114              	.L6:
 115              		.cfi_restore_state
  51:Core/Src/tim.c ****   }
 116              		.loc 1 51 5 is_stmt 1 view .LVU33
 117 0056 FFF7FEFF 		bl	Error_Handler
 118              	.LVL3:
 119 005a E9E7     		b	.L2
 120              	.L7:
  56:Core/Src/tim.c ****   }
 121              		.loc 1 56 5 view .LVU34
 122 005c FFF7FEFF 		bl	Error_Handler
 123              	.LVL4:
 124 0060 EEE7     		b	.L3
 125              	.L8:
  62:Core/Src/tim.c ****   }
 126              		.loc 1 62 5 view .LVU35
 127 0062 FFF7FEFF 		bl	Error_Handler
 128              	.LVL5:
 129              		.loc 1 68 1 is_stmt 0 view .LVU36
 130 0066 F3E7     		b	.L1
 131              	.L10:
 132              		.align	2
 133              	.L9:
 134 0068 00000000 		.word	htim2
 135 006c 400D0300 		.word	200000
 136              		.cfi_endproc
 137              	.LFE329:
 139              		.section	.text.HAL_TIM_Base_MspInit,"ax",%progbits
 140              		.align	1
 141              		.global	HAL_TIM_Base_MspInit
 142              		.syntax unified
 143              		.thumb
 144              		.thumb_func
 146              	HAL_TIM_Base_MspInit:
 147              	.LVL6:
 148              	.LFB330:
  69:Core/Src/tim.c **** 
  70:Core/Src/tim.c **** void HAL_TIM_Base_MspInit(TIM_HandleTypeDef* tim_baseHandle)
  71:Core/Src/tim.c **** {
 149              		.loc 1 71 1 is_stmt 1 view -0
 150              		.cfi_startproc
 151              		@ args = 0, pretend = 0, frame = 8
 152              		@ frame_needed = 0, uses_anonymous_args = 0
  72:Core/Src/tim.c **** 
  73:Core/Src/tim.c ****   if(tim_baseHandle->Instance==TIM2)
 153              		.loc 1 73 3 view .LVU38
 154              		.loc 1 73 20 is_stmt 0 view .LVU39
 155 0000 0368     		ldr	r3, [r0]
ARM GAS  C:\Users\enric\AppData\Local\Temp\ccdnLmfi.s 			page 5


 156              		.loc 1 73 5 view .LVU40
 157 0002 B3F1804F 		cmp	r3, #1073741824
 158 0006 00D0     		beq	.L17
 159 0008 7047     		bx	lr
 160              	.L17:
  71:Core/Src/tim.c **** 
 161              		.loc 1 71 1 view .LVU41
 162 000a 00B5     		push	{lr}
 163              		.cfi_def_cfa_offset 4
 164              		.cfi_offset 14, -4
 165 000c 83B0     		sub	sp, sp, #12
 166              		.cfi_def_cfa_offset 16
  74:Core/Src/tim.c ****   {
  75:Core/Src/tim.c ****   /* USER CODE BEGIN TIM2_MspInit 0 */
  76:Core/Src/tim.c **** 
  77:Core/Src/tim.c ****   /* USER CODE END TIM2_MspInit 0 */
  78:Core/Src/tim.c ****     /* TIM2 clock enable */
  79:Core/Src/tim.c ****     __HAL_RCC_TIM2_CLK_ENABLE();
 167              		.loc 1 79 5 is_stmt 1 view .LVU42
 168              	.LBB2:
 169              		.loc 1 79 5 view .LVU43
 170              		.loc 1 79 5 view .LVU44
 171 000e 03F50433 		add	r3, r3, #135168
 172 0012 9A6D     		ldr	r2, [r3, #88]
 173 0014 42F00102 		orr	r2, r2, #1
 174 0018 9A65     		str	r2, [r3, #88]
 175              		.loc 1 79 5 view .LVU45
 176 001a 9B6D     		ldr	r3, [r3, #88]
 177 001c 03F00103 		and	r3, r3, #1
 178 0020 0193     		str	r3, [sp, #4]
 179              		.loc 1 79 5 view .LVU46
 180 0022 019B     		ldr	r3, [sp, #4]
 181              	.LBE2:
 182              		.loc 1 79 5 view .LVU47
  80:Core/Src/tim.c **** 
  81:Core/Src/tim.c ****     /* TIM2 interrupt Init */
  82:Core/Src/tim.c ****     HAL_NVIC_SetPriority(TIM2_IRQn, 0, 0);
 183              		.loc 1 82 5 view .LVU48
 184 0024 0022     		movs	r2, #0
 185 0026 1146     		mov	r1, r2
 186 0028 1C20     		movs	r0, #28
 187              	.LVL7:
 188              		.loc 1 82 5 is_stmt 0 view .LVU49
 189 002a FFF7FEFF 		bl	HAL_NVIC_SetPriority
 190              	.LVL8:
  83:Core/Src/tim.c ****     HAL_NVIC_EnableIRQ(TIM2_IRQn);
 191              		.loc 1 83 5 is_stmt 1 view .LVU50
 192 002e 1C20     		movs	r0, #28
 193 0030 FFF7FEFF 		bl	HAL_NVIC_EnableIRQ
 194              	.LVL9:
  84:Core/Src/tim.c ****   /* USER CODE BEGIN TIM2_MspInit 1 */
  85:Core/Src/tim.c **** 
  86:Core/Src/tim.c ****   /* USER CODE END TIM2_MspInit 1 */
  87:Core/Src/tim.c ****   }
  88:Core/Src/tim.c **** }
 195              		.loc 1 88 1 is_stmt 0 view .LVU51
 196 0034 03B0     		add	sp, sp, #12
ARM GAS  C:\Users\enric\AppData\Local\Temp\ccdnLmfi.s 			page 6


 197              		.cfi_def_cfa_offset 4
 198              		@ sp needed
 199 0036 5DF804FB 		ldr	pc, [sp], #4
 200              		.cfi_endproc
 201              	.LFE330:
 203              		.section	.text.HAL_TIM_Base_MspDeInit,"ax",%progbits
 204              		.align	1
 205              		.global	HAL_TIM_Base_MspDeInit
 206              		.syntax unified
 207              		.thumb
 208              		.thumb_func
 210              	HAL_TIM_Base_MspDeInit:
 211              	.LVL10:
 212              	.LFB331:
  89:Core/Src/tim.c **** 
  90:Core/Src/tim.c **** void HAL_TIM_Base_MspDeInit(TIM_HandleTypeDef* tim_baseHandle)
  91:Core/Src/tim.c **** {
 213              		.loc 1 91 1 is_stmt 1 view -0
 214              		.cfi_startproc
 215              		@ args = 0, pretend = 0, frame = 0
 216              		@ frame_needed = 0, uses_anonymous_args = 0
 217              		.loc 1 91 1 is_stmt 0 view .LVU53
 218 0000 08B5     		push	{r3, lr}
 219              		.cfi_def_cfa_offset 8
 220              		.cfi_offset 3, -8
 221              		.cfi_offset 14, -4
  92:Core/Src/tim.c **** 
  93:Core/Src/tim.c ****   if(tim_baseHandle->Instance==TIM2)
 222              		.loc 1 93 3 is_stmt 1 view .LVU54
 223              		.loc 1 93 20 is_stmt 0 view .LVU55
 224 0002 0368     		ldr	r3, [r0]
 225              		.loc 1 93 5 view .LVU56
 226 0004 B3F1804F 		cmp	r3, #1073741824
 227 0008 00D0     		beq	.L21
 228              	.LVL11:
 229              	.L18:
  94:Core/Src/tim.c ****   {
  95:Core/Src/tim.c ****   /* USER CODE BEGIN TIM2_MspDeInit 0 */
  96:Core/Src/tim.c **** 
  97:Core/Src/tim.c ****   /* USER CODE END TIM2_MspDeInit 0 */
  98:Core/Src/tim.c ****     /* Peripheral clock disable */
  99:Core/Src/tim.c ****     __HAL_RCC_TIM2_CLK_DISABLE();
 100:Core/Src/tim.c **** 
 101:Core/Src/tim.c ****     /* TIM2 interrupt Deinit */
 102:Core/Src/tim.c ****     HAL_NVIC_DisableIRQ(TIM2_IRQn);
 103:Core/Src/tim.c ****   /* USER CODE BEGIN TIM2_MspDeInit 1 */
 104:Core/Src/tim.c **** 
 105:Core/Src/tim.c ****   /* USER CODE END TIM2_MspDeInit 1 */
 106:Core/Src/tim.c ****   }
 107:Core/Src/tim.c **** }
 230              		.loc 1 107 1 view .LVU57
 231 000a 08BD     		pop	{r3, pc}
 232              	.LVL12:
 233              	.L21:
  99:Core/Src/tim.c **** 
 234              		.loc 1 99 5 is_stmt 1 view .LVU58
 235 000c 044A     		ldr	r2, .L22
ARM GAS  C:\Users\enric\AppData\Local\Temp\ccdnLmfi.s 			page 7


 236 000e 936D     		ldr	r3, [r2, #88]
 237 0010 23F00103 		bic	r3, r3, #1
 238 0014 9365     		str	r3, [r2, #88]
 102:Core/Src/tim.c ****   /* USER CODE BEGIN TIM2_MspDeInit 1 */
 239              		.loc 1 102 5 view .LVU59
 240 0016 1C20     		movs	r0, #28
 241              	.LVL13:
 102:Core/Src/tim.c ****   /* USER CODE BEGIN TIM2_MspDeInit 1 */
 242              		.loc 1 102 5 is_stmt 0 view .LVU60
 243 0018 FFF7FEFF 		bl	HAL_NVIC_DisableIRQ
 244              	.LVL14:
 245              		.loc 1 107 1 view .LVU61
 246 001c F5E7     		b	.L18
 247              	.L23:
 248 001e 00BF     		.align	2
 249              	.L22:
 250 0020 00100240 		.word	1073876992
 251              		.cfi_endproc
 252              	.LFE331:
 254              		.global	htim2
 255              		.section	.bss.htim2,"aw",%nobits
 256              		.align	2
 259              	htim2:
 260 0000 00000000 		.space	204
 260      00000000 
 260      00000000 
 260      00000000 
 260      00000000 
 261              		.text
 262              	.Letext0:
 263              		.file 2 "Drivers/CMSIS/Device/ST/STM32G4xx/Include/stm32g474xx.h"
 264              		.file 3 "c:\\users\\enric\\appdata\\roaming\\code\\user\\globalstorage\\bmd.stm32-for-vscode\\@xpa
 265              		.file 4 "c:\\users\\enric\\appdata\\roaming\\code\\user\\globalstorage\\bmd.stm32-for-vscode\\@xpa
 266              		.file 5 "Drivers/STM32G4xx_HAL_Driver/Inc/stm32g4xx_hal_def.h"
 267              		.file 6 "Drivers/STM32G4xx_HAL_Driver/Inc/stm32g4xx_hal_dma.h"
 268              		.file 7 "Drivers/STM32G4xx_HAL_Driver/Inc/stm32g4xx_hal_tim.h"
 269              		.file 8 "Drivers/STM32G4xx_HAL_Driver/Inc/stm32g4xx_hal_cortex.h"
 270              		.file 9 "Drivers/STM32G4xx_HAL_Driver/Inc/stm32g4xx_hal_tim_ex.h"
 271              		.file 10 "Core/Inc/tim.h"
 272              		.file 11 "Core/Inc/main.h"
ARM GAS  C:\Users\enric\AppData\Local\Temp\ccdnLmfi.s 			page 8


DEFINED SYMBOLS
                            *ABS*:00000000 tim.c
C:\Users\enric\AppData\Local\Temp\ccdnLmfi.s:21     .text.MX_TIM2_Init:00000000 $t
C:\Users\enric\AppData\Local\Temp\ccdnLmfi.s:27     .text.MX_TIM2_Init:00000000 MX_TIM2_Init
C:\Users\enric\AppData\Local\Temp\ccdnLmfi.s:134    .text.MX_TIM2_Init:00000068 $d
C:\Users\enric\AppData\Local\Temp\ccdnLmfi.s:259    .bss.htim2:00000000 htim2
C:\Users\enric\AppData\Local\Temp\ccdnLmfi.s:140    .text.HAL_TIM_Base_MspInit:00000000 $t
C:\Users\enric\AppData\Local\Temp\ccdnLmfi.s:146    .text.HAL_TIM_Base_MspInit:00000000 HAL_TIM_Base_MspInit
C:\Users\enric\AppData\Local\Temp\ccdnLmfi.s:204    .text.HAL_TIM_Base_MspDeInit:00000000 $t
C:\Users\enric\AppData\Local\Temp\ccdnLmfi.s:210    .text.HAL_TIM_Base_MspDeInit:00000000 HAL_TIM_Base_MspDeInit
C:\Users\enric\AppData\Local\Temp\ccdnLmfi.s:250    .text.HAL_TIM_Base_MspDeInit:00000020 $d
C:\Users\enric\AppData\Local\Temp\ccdnLmfi.s:256    .bss.htim2:00000000 $d

UNDEFINED SYMBOLS
HAL_TIM_Base_Init
HAL_TIM_ConfigClockSource
HAL_TIMEx_MasterConfigSynchronization
Error_Handler
HAL_NVIC_SetPriority
HAL_NVIC_EnableIRQ
HAL_NVIC_DisableIRQ
